2023-11-14 19:37:07,369:WARNING:
'cuml' is a soft dependency and not included in the pycaret installation. Please run: `pip install cuml` to install.
2023-11-14 19:37:07,370:WARNING:
'cuml' is a soft dependency and not included in the pycaret installation. Please run: `pip install cuml` to install.
2023-11-14 19:37:07,370:WARNING:
'cuml' is a soft dependency and not included in the pycaret installation. Please run: `pip install cuml` to install.
2023-11-14 19:37:07,370:WARNING:
'cuml' is a soft dependency and not included in the pycaret installation. Please run: `pip install cuml` to install.
2023-11-14 19:51:34,894:WARNING:
'cuml' is a soft dependency and not included in the pycaret installation. Please run: `pip install cuml` to install.
2023-11-14 19:51:34,895:WARNING:
'cuml' is a soft dependency and not included in the pycaret installation. Please run: `pip install cuml` to install.
2023-11-14 19:51:34,895:WARNING:
'cuml' is a soft dependency and not included in the pycaret installation. Please run: `pip install cuml` to install.
2023-11-14 19:51:34,895:WARNING:
'cuml' is a soft dependency and not included in the pycaret installation. Please run: `pip install cuml` to install.
2023-11-14 20:16:18,946:INFO:Initializing predict_model()
2023-11-14 20:16:18,949:INFO:predict_model(self=<pycaret.classification.oop.ClassificationExperiment object at 0x12c032f50>, estimator=RandomForestClassifier(), probability_threshold=None, encoded_labels=False, raw_score=False, round=4, verbose=True, ml_usecase=None, preprocess=True, encode_labels=<function _SupervisedExperiment.predict_model.<locals>.encode_labels at 0x12c142830>)
2023-11-14 20:16:18,950:INFO:Checking exceptions
2023-11-14 20:16:18,950:INFO:Preloading libraries
2023-11-14 20:17:23,819:INFO:Initializing predict_model()
2023-11-14 20:17:23,820:INFO:predict_model(self=<pycaret.classification.oop.ClassificationExperiment object at 0x12bfd4640>, estimator=RandomForestClassifier(), probability_threshold=None, encoded_labels=False, raw_score=False, round=4, verbose=True, ml_usecase=None, preprocess=True, encode_labels=<function _SupervisedExperiment.predict_model.<locals>.encode_labels at 0x12c149480>)
2023-11-14 20:17:23,820:INFO:Checking exceptions
2023-11-14 20:17:23,821:INFO:Preloading libraries
2023-11-14 20:22:02,028:WARNING:/Users/ignaciolazarovalganon/Library/Python/3.10/lib/python/site-packages/IPython/core/completerlib.py:120: UserWarning: using rootmodules_cache requires you to install the `pickleshare` library.
  rootmodules_cache = ip.db.get('rootmodules_cache', {})

2023-11-14 20:23:26,786:INFO:PyCaret ClassificationExperiment
2023-11-14 20:23:26,787:INFO:Logging name: clf-default-name
2023-11-14 20:23:26,788:INFO:ML Usecase: MLUsecase.CLASSIFICATION
2023-11-14 20:23:26,788:INFO:version 3.1.0
2023-11-14 20:23:26,788:INFO:Initializing setup()
2023-11-14 20:23:26,788:INFO:self.USI: e321
2023-11-14 20:23:26,788:INFO:self._variable_keys: {'exp_name_log', 'fold_groups_param', 'gpu_param', 'is_multiclass', '_ml_usecase', '_available_plots', 'y_test', 'X_train', 'idx', 'USI', 'data', 'y_train', 'y', 'X_test', 'log_plots_param', 'pipeline', 'seed', 'gpu_n_jobs_param', 'fold_generator', 'exp_id', 'fix_imbalance', 'logging_param', 'fold_shuffle_param', 'X', 'memory', 'html_param', 'target_param', 'n_jobs_param'}
2023-11-14 20:23:26,788:INFO:Checking environment
2023-11-14 20:23:26,788:INFO:python_version: 3.10.0
2023-11-14 20:23:26,788:INFO:python_build: ('v3.10.0:b494f5935c', 'Oct  4 2021 14:59:20')
2023-11-14 20:23:26,788:INFO:machine: x86_64
2023-11-14 20:23:26,788:INFO:platform: macOS-12.7.1-x86_64-i386-64bit
2023-11-14 20:23:26,789:INFO:Memory: svmem(total=8589934592, available=2183430144, percent=74.6, used=3785064448, free=40652800, active=2132246528, inactive=2141138944, wired=1652817920)
2023-11-14 20:23:26,789:INFO:Physical Core: 2
2023-11-14 20:23:26,789:INFO:Logical Core: 4
2023-11-14 20:23:26,789:INFO:Checking libraries
2023-11-14 20:23:26,789:INFO:System:
2023-11-14 20:23:26,789:INFO:    python: 3.10.0 (v3.10.0:b494f5935c, Oct  4 2021, 14:59:20) [Clang 12.0.5 (clang-1205.0.22.11)]
2023-11-14 20:23:26,789:INFO:executable: /usr/local/bin/python3
2023-11-14 20:23:26,789:INFO:   machine: macOS-12.7.1-x86_64-i386-64bit
2023-11-14 20:23:26,789:INFO:PyCaret required dependencies:
2023-11-14 20:23:29,673:INFO:                 pip: 23.3.1
2023-11-14 20:23:29,673:INFO:          setuptools: 57.4.0
2023-11-14 20:23:29,673:INFO:             pycaret: 3.1.0
2023-11-14 20:23:29,673:INFO:             IPython: 8.17.2
2023-11-14 20:23:29,673:INFO:          ipywidgets: 8.1.1
2023-11-14 20:23:29,673:INFO:                tqdm: 4.66.1
2023-11-14 20:23:29,673:INFO:               numpy: 1.23.5
2023-11-14 20:23:29,673:INFO:              pandas: 1.5.3
2023-11-14 20:23:29,673:INFO:              jinja2: 3.1.2
2023-11-14 20:23:29,674:INFO:               scipy: 1.10.1
2023-11-14 20:23:29,674:INFO:              joblib: 1.3.2
2023-11-14 20:23:29,674:INFO:             sklearn: 1.2.2
2023-11-14 20:23:29,674:INFO:                pyod: 1.1.1
2023-11-14 20:23:29,674:INFO:            imblearn: 0.11.0
2023-11-14 20:23:29,674:INFO:   category_encoders: 2.6.3
2023-11-14 20:23:29,674:INFO:            lightgbm: 4.1.0
2023-11-14 20:23:29,674:INFO:               numba: 0.58.1
2023-11-14 20:23:29,674:INFO:            requests: 2.31.0
2023-11-14 20:23:29,674:INFO:          matplotlib: 3.7.3
2023-11-14 20:23:29,674:INFO:          scikitplot: 0.3.7
2023-11-14 20:23:29,674:INFO:         yellowbrick: 1.5
2023-11-14 20:23:29,674:INFO:              plotly: 5.18.0
2023-11-14 20:23:29,674:INFO:    plotly-resampler: Not installed
2023-11-14 20:23:29,674:INFO:             kaleido: 0.2.1
2023-11-14 20:23:29,674:INFO:           schemdraw: 0.15
2023-11-14 20:23:29,674:INFO:         statsmodels: 0.14.0
2023-11-14 20:23:29,674:INFO:              sktime: 0.21.1
2023-11-14 20:23:29,674:INFO:               tbats: 1.1.3
2023-11-14 20:23:29,674:INFO:            pmdarima: 2.0.4
2023-11-14 20:23:29,674:INFO:              psutil: 5.9.6
2023-11-14 20:23:29,675:INFO:          markupsafe: 2.1.3
2023-11-14 20:23:29,675:INFO:             pickle5: Not installed
2023-11-14 20:23:29,675:INFO:         cloudpickle: 2.2.1
2023-11-14 20:23:29,675:INFO:         deprecation: 2.1.0
2023-11-14 20:23:29,675:INFO:              xxhash: 3.4.1
2023-11-14 20:23:29,675:INFO:           wurlitzer: 3.0.3
2023-11-14 20:23:29,675:INFO:PyCaret optional dependencies:
2023-11-14 20:23:35,039:INFO:                shap: 0.43.0
2023-11-14 20:23:35,039:INFO:           interpret: 0.4.4
2023-11-14 20:23:35,039:INFO:                umap: 0.5.4
2023-11-14 20:23:35,039:INFO:     ydata_profiling: 4.6.0
2023-11-14 20:23:35,039:INFO:  explainerdashboard: 0.4.3
2023-11-14 20:23:35,039:INFO:             autoviz: Not installed
2023-11-14 20:23:35,039:INFO:           fairlearn: 0.7.0
2023-11-14 20:23:35,039:INFO:          deepchecks: Not installed
2023-11-14 20:23:35,039:INFO:             xgboost: 2.0.1
2023-11-14 20:23:35,039:INFO:            catboost: 1.1.1
2023-11-14 20:23:35,039:INFO:              kmodes: 0.12.2
2023-11-14 20:23:35,039:INFO:             mlxtend: 0.23.0
2023-11-14 20:23:35,039:INFO:       statsforecast: 1.5.0
2023-11-14 20:23:35,039:INFO:        tune_sklearn: 0.4.6
2023-11-14 20:23:35,039:INFO:                 ray: 2.8.0
2023-11-14 20:23:35,039:INFO:            hyperopt: 0.2.7
2023-11-14 20:23:35,040:INFO:              optuna: 3.4.0
2023-11-14 20:23:35,040:INFO:               skopt: 0.9.0
2023-11-14 20:23:35,040:INFO:              mlflow: 1.30.1
2023-11-14 20:23:35,040:INFO:              gradio: 3.50.2
2023-11-14 20:23:35,040:INFO:             fastapi: 0.104.1
2023-11-14 20:23:35,040:INFO:             uvicorn: 0.24.0.post1
2023-11-14 20:23:35,040:INFO:              m2cgen: 0.10.0
2023-11-14 20:23:35,040:INFO:           evidently: 0.2.8
2023-11-14 20:23:35,040:INFO:               fugue: 0.8.6
2023-11-14 20:23:35,040:INFO:           streamlit: 1.28.1
2023-11-14 20:23:35,040:INFO:             prophet: 1.1.5
2023-11-14 20:23:35,040:INFO:None
2023-11-14 20:23:35,040:INFO:Set up data.
2023-11-14 20:23:35,056:INFO:Set up folding strategy.
2023-11-14 20:23:35,056:INFO:Set up train/test split.
2023-11-14 20:54:58,072:WARNING:
'cuml' is a soft dependency and not included in the pycaret installation. Please run: `pip install cuml` to install.
2023-11-14 20:54:58,074:WARNING:
'cuml' is a soft dependency and not included in the pycaret installation. Please run: `pip install cuml` to install.
2023-11-14 20:54:58,074:WARNING:
'cuml' is a soft dependency and not included in the pycaret installation. Please run: `pip install cuml` to install.
2023-11-14 20:54:58,075:WARNING:
'cuml' is a soft dependency and not included in the pycaret installation. Please run: `pip install cuml` to install.
2023-11-14 20:55:00,665:INFO:Initializing load_model()
2023-11-14 20:55:00,666:INFO:load_model(model_name=Prueba_tecnica/trained_model.pkl, platform=None, authentication=None, verbose=True)
2023-11-14 20:55:38,044:WARNING:
'cuml' is a soft dependency and not included in the pycaret installation. Please run: `pip install cuml` to install.
2023-11-14 20:55:38,045:WARNING:
'cuml' is a soft dependency and not included in the pycaret installation. Please run: `pip install cuml` to install.
2023-11-14 20:55:38,045:WARNING:
'cuml' is a soft dependency and not included in the pycaret installation. Please run: `pip install cuml` to install.
2023-11-14 20:55:38,045:WARNING:
'cuml' is a soft dependency and not included in the pycaret installation. Please run: `pip install cuml` to install.
2023-11-14 20:55:39,667:INFO:Initializing load_model()
2023-11-14 20:55:39,667:INFO:load_model(model_name=Prueba_tecnica/trained_model, platform=None, authentication=None, verbose=True)
2023-11-14 20:55:39,702:INFO:Initializing load_model()
2023-11-14 20:55:39,702:INFO:load_model(model_name=Prueba_tecnica/trained_model, platform=None, authentication=None, verbose=True)
2023-11-14 20:57:23,307:WARNING:
'cuml' is a soft dependency and not included in the pycaret installation. Please run: `pip install cuml` to install.
2023-11-14 20:57:23,307:WARNING:
'cuml' is a soft dependency and not included in the pycaret installation. Please run: `pip install cuml` to install.
2023-11-14 20:57:23,307:WARNING:
'cuml' is a soft dependency and not included in the pycaret installation. Please run: `pip install cuml` to install.
2023-11-14 20:57:23,307:WARNING:
'cuml' is a soft dependency and not included in the pycaret installation. Please run: `pip install cuml` to install.
2023-11-14 20:57:24,988:INFO:Initializing load_model()
2023-11-14 20:57:24,988:INFO:load_model(model_name=trained_model, platform=None, authentication=None, verbose=True)
2023-11-14 20:57:56,426:INFO:Initializing load_model()
2023-11-14 20:57:56,448:INFO:load_model(model_name=trained_model, platform=None, authentication=None, verbose=True)
2023-11-14 20:58:00,976:INFO:Initializing load_model()
2023-11-14 20:58:00,977:INFO:load_model(model_name=trained_model, platform=None, authentication=None, verbose=True)
2023-11-14 20:58:02,672:INFO:Initializing load_model()
2023-11-14 20:58:02,672:INFO:load_model(model_name=trained_model, platform=None, authentication=None, verbose=True)
2023-11-14 20:58:03,293:INFO:Initializing load_model()
2023-11-14 20:58:03,293:INFO:load_model(model_name=trained_model, platform=None, authentication=None, verbose=True)
2023-11-14 20:58:05,523:INFO:Initializing load_model()
2023-11-14 20:58:05,523:INFO:load_model(model_name=trained_model, platform=None, authentication=None, verbose=True)
2023-11-14 20:58:06,307:INFO:Initializing load_model()
2023-11-14 20:58:06,308:INFO:load_model(model_name=trained_model, platform=None, authentication=None, verbose=True)
2023-11-14 20:58:09,058:INFO:Initializing load_model()
2023-11-14 20:58:09,059:INFO:load_model(model_name=trained_model, platform=None, authentication=None, verbose=True)
2023-11-14 20:58:12,199:INFO:Initializing load_model()
2023-11-14 20:58:12,199:INFO:load_model(model_name=trained_model, platform=None, authentication=None, verbose=True)
2023-11-14 20:58:12,591:INFO:Initializing load_model()
2023-11-14 20:58:12,591:INFO:load_model(model_name=trained_model, platform=None, authentication=None, verbose=True)
2023-11-14 20:58:16,933:INFO:Initializing load_model()
2023-11-14 20:58:16,933:INFO:load_model(model_name=trained_model, platform=None, authentication=None, verbose=True)
2023-11-14 20:58:20,719:INFO:Initializing load_model()
2023-11-14 20:58:20,719:INFO:load_model(model_name=trained_model, platform=None, authentication=None, verbose=True)
2023-11-14 20:58:21,649:INFO:Initializing load_model()
2023-11-14 20:58:21,649:INFO:load_model(model_name=trained_model, platform=None, authentication=None, verbose=True)
2023-11-14 20:58:21,773:INFO:Initializing predict_model()
2023-11-14 20:58:21,773:INFO:predict_model(self=<pycaret.regression.oop.RegressionExperiment object at 0x12dfdfe20>, estimator=RandomForestClassifier(), probability_threshold=None, encoded_labels=False, raw_score=False, round=4, verbose=True, ml_usecase=None, preprocess=True, encode_labels=<function _SupervisedExperiment.predict_model.<locals>.encode_labels at 0x12df7fc70>)
2023-11-14 20:58:21,774:INFO:Checking exceptions
2023-11-14 20:58:21,774:INFO:Preloading libraries
2023-11-14 21:05:27,485:WARNING:
'cuml' is a soft dependency and not included in the pycaret installation. Please run: `pip install cuml` to install.
2023-11-14 21:05:27,487:WARNING:
'cuml' is a soft dependency and not included in the pycaret installation. Please run: `pip install cuml` to install.
2023-11-14 21:05:27,487:WARNING:
'cuml' is a soft dependency and not included in the pycaret installation. Please run: `pip install cuml` to install.
2023-11-14 21:05:27,488:WARNING:
'cuml' is a soft dependency and not included in the pycaret installation. Please run: `pip install cuml` to install.
2023-11-14 21:05:35,155:INFO:Initializing load_model()
2023-11-14 21:05:35,157:INFO:load_model(model_name=trained_model, platform=None, authentication=None, verbose=True)
2023-11-14 21:05:40,244:INFO:Initializing load_model()
2023-11-14 21:05:40,246:INFO:load_model(model_name=trained_model, platform=None, authentication=None, verbose=True)
2023-11-14 21:06:01,787:INFO:Initializing load_model()
2023-11-14 21:06:01,788:INFO:load_model(model_name=trained_model, platform=None, authentication=None, verbose=True)
2023-11-14 21:06:02,503:INFO:Initializing load_model()
2023-11-14 21:06:02,504:INFO:load_model(model_name=trained_model, platform=None, authentication=None, verbose=True)
2023-11-14 21:06:04,557:INFO:Initializing load_model()
2023-11-14 21:06:04,558:INFO:load_model(model_name=trained_model, platform=None, authentication=None, verbose=True)
2023-11-14 21:06:06,889:INFO:Initializing load_model()
2023-11-14 21:06:06,890:INFO:load_model(model_name=trained_model, platform=None, authentication=None, verbose=True)
2023-11-14 21:06:07,740:INFO:Initializing load_model()
2023-11-14 21:06:07,740:INFO:load_model(model_name=trained_model, platform=None, authentication=None, verbose=True)
2023-11-14 21:06:08,943:INFO:Initializing load_model()
2023-11-14 21:06:08,944:INFO:load_model(model_name=trained_model, platform=None, authentication=None, verbose=True)
2023-11-14 21:06:11,973:INFO:Initializing load_model()
2023-11-14 21:06:11,974:INFO:load_model(model_name=trained_model, platform=None, authentication=None, verbose=True)
2023-11-14 21:06:12,623:INFO:Initializing load_model()
2023-11-14 21:06:12,623:INFO:load_model(model_name=trained_model, platform=None, authentication=None, verbose=True)
2023-11-14 21:06:13,743:INFO:Initializing load_model()
2023-11-14 21:06:13,743:INFO:load_model(model_name=trained_model, platform=None, authentication=None, verbose=True)
2023-11-14 21:06:14,454:INFO:Initializing load_model()
2023-11-14 21:06:14,455:INFO:load_model(model_name=trained_model, platform=None, authentication=None, verbose=True)
